2026-04-26 11:02:26,721 - INFO - Loaded 16 predefined prompts
2026-04-26 11:02:26,722 - INFO - Loaded stage settings from stage_settings.json
2026-04-26 11:02:27,173 - INFO - python-docx library is available
2026-04-26 11:02:27,173 - INFO - python-docx library is available
2026-04-27 09:37:02,010 - INFO - Loaded 16 predefined prompts
2026-04-27 09:37:02,010 - INFO - Loaded stage settings from stage_settings.json
2026-04-27 09:37:02,075 - INFO - python-docx library is available
2026-04-27 09:37:02,075 - INFO - python-docx library is available
2026-04-27 13:27:08,346 - INFO - Loaded 16 predefined prompts
2026-04-27 13:27:08,346 - INFO - Loaded stage settings from stage_settings.json
2026-04-27 13:27:08,397 - INFO - python-docx library is available
2026-04-27 13:27:08,397 - INFO - python-docx library is available
2026-04-28 09:48:21,170 - INFO - Loaded 16 predefined prompts
2026-04-28 09:48:21,171 - INFO - Loaded stage settings from stage_settings.json
2026-04-28 09:48:21,243 - INFO - python-docx library is available
2026-04-28 09:48:21,243 - INFO - python-docx library is available
2026-04-28 14:26:25,002 - INFO - Loaded 16 predefined prompts
2026-04-28 14:26:25,003 - INFO - Loaded stage settings from stage_settings.json
2026-04-28 14:26:25,076 - INFO - python-docx library is available
2026-04-28 14:26:25,076 - INFO - python-docx library is available
2026-04-28 14:28:31,517 - ERROR - No valid API keys found in the file
2026-04-28 14:29:10,751 - ERROR - No valid API keys found in the file
2026-04-28 14:29:20,816 - INFO - Saved stage settings to stage_settings.json
2026-04-28 14:30:00,317 - ERROR - No valid API keys found in the file
